<?xml version="1.0" encoding="UTF-8"?>
<testng-results ignored="0" total="1" passed="1" failed="0" skipped="0">
  <reporter-output>
  </reporter-output>
  <suite started-at="2025-08-26T17:31:39 IST" name="Default suite" finished-at="2025-08-26T17:31:59 IST" duration-ms="19442">
    <groups>
    </groups>
    <test started-at="2025-08-26T17:31:39 IST" name="Default test" finished-at="2025-08-26T17:31:59 IST" duration-ms="19442">
      <class name="Test_ng_4.DragDrop">
        <test-method signature="DragAndDrop()[pri:0, instance:Test_ng_4.DragDrop@3590fc5b]" started-at="2025-08-26T17:31:39 IST" name="DragAndDrop" finished-at="2025-08-26T17:31:59 IST" duration-ms="19351" status="PASS">
          <reporter-output>
          </reporter-output>
        </test-method> <!-- DragAndDrop -->
      </class> <!-- Test_ng_4.DragDrop -->
    </test> <!-- Default test -->
  </suite> <!-- Default suite -->
</testng-results>
