<?xml version="1.0" encoding="UTF-8"?>
<testng-results ignored="0" total="0" passed="0" failed="0" skipped="0">
  <reporter-output>
  </reporter-output>
  <suite started-at="2025-09-06T11:50:31 IST" name="CucumberSuite" finished-at="2025-09-06T11:50:31 IST" duration-ms="10">
    <groups>
    </groups>
    <test started-at="2025-09-06T11:50:31 IST" name="LoginTests" finished-at="2025-09-06T11:50:31 IST" duration-ms="10">
    </test> <!-- LoginTests -->
    <test started-at="2025-09-06T11:50:31 IST" name="TransferTests" finished-at="2025-09-06T11:50:31 IST" duration-ms="10">
    </test> <!-- TransferTests -->
  </suite> <!-- CucumberSuite -->
</testng-results>
