<?xml version="1.0" encoding="UTF-8"?>
<!-- Generated by org.testng.reporters.JUnitXMLReporter -->
<testsuite ignored="0" hostname="PC" failures="0" tests="3" name="Tests" time="0.062" errors="0" timestamp="2025-08-22T12:06:59 IST">
  <testcase classname="Test_ng_4.TestTransformer" name="testTransformer" time="0.01"/>
  <testcase classname="Test_ng_4.TestTransformer" name="testTransformer" time="0.001"/>
  <testcase classname="Test_ng_4.TestTransformer" name="testTransformer" time="0.001"/>
</testsuite> <!-- Tests -->
