<?xml version="1.0" encoding="UTF-8"?>
<!-- Generated by org.testng.reporters.JUnitXMLReporter -->
<testsuite ignored="1" hostname="PC" failures="0" tests="2" name="Setup  + Regression Tests" time="11.237" errors="0" timestamp="2025-08-20T16:29:07 IST">
  <testcase classname="Test_ng_2.EcommerceTests" name="TestCart" time="0.011"/>
  <testcase classname="Test_ng_2.EcommerceTests" name="testSearch" time="5.724"/>
  <testcase classname="Test_ng_2.EcommerceTests" name="testTitle" time="0.0">
    <ignored/>
  </testcase> <!-- testTitle -->
</testsuite> <!-- Setup  + Regression Tests -->
