<?xml version="1.0" encoding="UTF-8"?>
<!-- Generated by org.testng.reporters.JUnitXMLReporter -->
<testsuite ignored="1" hostname="PC" failures="0" tests="2" name="Smoke + Regression Tests" time="33.624" errors="0" timestamp="2025-08-20T17:30:32 IST">
  <testcase classname="Test_ng_2.EcommerceTests" name="TestCart" time="0.005"/>
  <testcase classname="Test_ng_2.EcommerceTests" name="testTitle" time="23.781"/>
  <testcase classname="Test_ng_2.EcommerceTests" name="testSearch" time="0.0">
    <ignored/>
  </testcase> <!-- testSearch -->
</testsuite> <!-- Smoke + Regression Tests -->
