<?xml version="1.0" encoding="UTF-8"?>
<!-- Generated by org.testng.reporters.JUnitXMLReporter -->
<testsuite ignored="0" hostname="PC" failures="1" tests="3" name="Setup + Smoke Tests + Regression Tests" time="9.504" errors="0" timestamp="2025-08-20T16:27:18 IST">
  <testcase classname="Test_ng_2.EcommerceTests" name="TestCart" time="0.015"/>
  <testcase classname="Test_ng_2.EcommerceTests" name="testSearch" time="0.014">
    <failure type="java.lang.NullPointerException" message="Cannot invoke &amp;quot;org.openqa.selenium.WebDriver.findElement(org.openqa.selenium.By)&amp;quot; because &amp;quot;this.driver&amp;quot; is null">
      <![CDATA[java.lang.NullPointerException: Cannot invoke "org.openqa.selenium.WebDriver.findElement(org.openqa.selenium.By)" because "this.driver" is null
at Test_ng_2.EcommerceTests.testSearch(EcommerceTests.java:34)
at java.base/java.util.ArrayList.forEach(ArrayList.java:1511)
... Removed 27 stack frames]]>
    </failure>
  </testcase> <!-- testSearch -->
  <testcase classname="Test_ng_2.EcommerceTests" name="testTitle" time="9.376"/>
</testsuite> <!-- Setup + Smoke Tests + Regression Tests -->
