<?xml version="1.0" encoding="UTF-8"?>
<!-- Generated by org.testng.reporters.JUnitXMLReporter -->
<testsuite ignored="2" hostname="PC" failures="1" tests="1" name="SmokeTests" time="1.057" errors="0" timestamp="2025-08-20T15:43:23 IST">
  <testcase classname="Test_ng_2.EcommerceTests" name="testTitle" time="1.008">
    <failure type="java.lang.NullPointerException" message="Cannot invoke &amp;quot;org.openqa.selenium.WebDriver.getTitle()&amp;quot; because &amp;quot;this.driver&amp;quot; is null">
      <![CDATA[java.lang.NullPointerException: Cannot invoke "org.openqa.selenium.WebDriver.getTitle()" because "this.driver" is null
at Test_ng_2.EcommerceTests.testTitle(EcommerceTests.java:26)
at java.base/java.util.ArrayList.forEach(ArrayList.java:1511)
... Removed 27 stack frames]]>
    </failure>
  </testcase> <!-- testTitle -->
  <testcase classname="Test_ng_2.EcommerceTests" name="TestCart" time="0.0">
    <ignored/>
  </testcase> <!-- TestCart -->
  <testcase classname="Test_ng_2.EcommerceTests" name="testSearch" time="0.0">
    <ignored/>
  </testcase> <!-- testSearch -->
</testsuite> <!-- SmokeTests -->
